0 verbose cli C:\Program Files\nodejs\node.exe C:\Program Files\nodejs\node_modules\npm\bin\npm-cli.js
1 info using npm@10.9.2
2 info using node@v22.14.0
3 silly config load:file:C:\Program Files\nodejs\node_modules\npm\npmrc
4 silly config load:file:C:\Users\nanda\Meu-Projeto-Playwright\.npmrc
5 silly config load:file:C:\Users\nanda\.npmrc
6 silly config load:file:C:\Users\nanda\Meu-Projeto-Playwright\%USERPROFILE%\AppData\Roaming\npm\etc\npmrc
7 verbose title npm install dotenv
8 verbose argv "install" "dotenv"
9 verbose logfile logs-max:10 dir:C:\Users\nanda\Meu-Projeto-Playwright\%USERPROFILE%\AppData\Local\npm-cache\_logs\2026-03-18T00_59_41_951Z-
10 verbose logfile C:\Users\nanda\Meu-Projeto-Playwright\%USERPROFILE%\AppData\Local\npm-cache\_logs\2026-03-18T00_59_41_951Z-debug-0.log
11 silly logfile start cleaning logs, removing 1 files
12 silly packumentCache heap:2197815296 maxSize:549453824 maxEntrySize:274726912
13 silly logfile done cleaning log files
14 silly idealTree buildDeps
15 silly fetch manifest dotenv@*
16 silly packumentCache full:https://registry.npmjs.org/dotenv cache-miss
17 http fetch GET 200 https://registry.npmjs.org/dotenv 325ms (cache miss)
18 silly packumentCache full:https://registry.npmjs.org/dotenv set size:undefined disposed:false
19 silly placeDep ROOT dotenv@17.3.1 OK for: meu-projeto-playwright@1.0.0 want: *
20 silly reify moves {}
21 silly audit bulk request {
21 silly audit   '@playwright/test': [ '1.58.2' ],
21 silly audit   '@types/node': [ '25.5.0' ],
21 silly audit   fsevents: [ '2.3.2' ],
21 silly audit   playwright: [ '1.58.2' ],
21 silly audit   'playwright-core': [ '1.58.2' ],
21 silly audit   'undici-types': [ '7.18.2' ],
21 silly audit   dotenv: [ '17.3.1' ]
21 silly audit }
22 verbose reify failed optional dependency C:\Users\nanda\Meu-Projeto-Playwright\node_modules\fsevents
23 silly reify mark deleted [ 'C:\\Users\\nanda\\Meu-Projeto-Playwright\\node_modules\\fsevents' ]
24 http cache dotenv@https://registry.npmjs.org/dotenv/-/dotenv-17.3.1.tgz 0ms (cache hit)
25 silly tarball no local data for dotenv@https://registry.npmjs.org/dotenv/-/dotenv-17.3.1.tgz. Extracting by manifest.
26 http fetch GET 200 https://registry.npmjs.org/dotenv/-/dotenv-17.3.1.tgz 172ms (cache miss)
27 http fetch POST 200 https://registry.npmjs.org/-/npm/v1/security/advisories/bulk 231ms
28 silly audit report {}
29 silly ADD node_modules/dotenv
30 silly ADD
31 verbose cwd C:\Users\nanda\Meu-Projeto-Playwright
32 verbose os Windows_NT 10.0.26200
33 verbose node v22.14.0
34 verbose npm  v10.9.2
35 verbose exit 0
36 info ok
